/*C5*/SET SCHEMA PUBLIC
create table if not exists Pages (Id integer identity primary key, Name varchar(255) unique, Content clob)
/*C1*/SET SCHEMA SYSTEM_LOBS
INSERT INTO LOB_IDS VALUES(1,82,0,40)
ALTER SEQUENCE SYSTEM_LOBS.LOB_ID RESTART WITH 2
COMMIT
DELETE FROM BLOCKS WHERE BLOCK_ADDR=0
INSERT INTO BLOCKS VALUES(0,1,0)
INSERT INTO BLOCKS VALUES(1,2147483646,0)
DELETE FROM BLOCKS WHERE BLOCK_ADDR=0
INSERT INTO LOBS VALUES(0,1,0,1)
COMMIT
/*C5*/INSERT INTO PAGES VALUES(0,'My first page',1)
SET SCHEMA SYSTEM_LOBS
DELETE FROM LOB_IDS WHERE LOB_ID=1
INSERT INTO LOB_IDS VALUES(1,82,1,40)
COMMIT
/*C1*/INSERT INTO LOB_IDS VALUES(2,84,0,40)
ALTER SEQUENCE SYSTEM_LOBS.LOB_ID RESTART WITH 3
COMMIT
DELETE FROM BLOCKS WHERE BLOCK_ADDR=1
INSERT INTO BLOCKS VALUES(1,1,0)
INSERT INTO BLOCKS VALUES(2,2147483645,0)
DELETE FROM BLOCKS WHERE BLOCK_ADDR=1
INSERT INTO LOBS VALUES(1,1,0,2)
COMMIT
/*C5*/SET SCHEMA PUBLIC
DELETE FROM PAGES WHERE ID=0
INSERT INTO PAGES VALUES(0,'My first page',2)
SET SCHEMA SYSTEM_LOBS
DELETE FROM LOB_IDS WHERE LOB_ID=1
INSERT INTO LOB_IDS VALUES(1,82,0,40)
DELETE FROM LOB_IDS WHERE LOB_ID=2
INSERT INTO LOB_IDS VALUES(2,84,1,40)
COMMIT
/*C1*/INSERT INTO LOB_IDS VALUES(3,199,0,40)
ALTER SEQUENCE SYSTEM_LOBS.LOB_ID RESTART WITH 4
COMMIT
DELETE FROM BLOCKS WHERE BLOCK_ADDR=2
INSERT INTO BLOCKS VALUES(2,1,0)
INSERT INTO BLOCKS VALUES(3,2147483644,0)
DELETE FROM BLOCKS WHERE BLOCK_ADDR=2
INSERT INTO LOBS VALUES(2,1,0,3)
COMMIT
/*C5*/SET SCHEMA PUBLIC
DELETE FROM PAGES WHERE ID=0
INSERT INTO PAGES VALUES(0,'My first page',3)
SET SCHEMA SYSTEM_LOBS
DELETE FROM LOB_IDS WHERE LOB_ID=2
INSERT INTO LOB_IDS VALUES(2,84,0,40)
DELETE FROM LOB_IDS WHERE LOB_ID=3
INSERT INTO LOB_IDS VALUES(3,199,1,40)
COMMIT
/*C1*/INSERT INTO LOB_IDS VALUES(4,207,0,40)
ALTER SEQUENCE SYSTEM_LOBS.LOB_ID RESTART WITH 5
COMMIT
DELETE FROM BLOCKS WHERE BLOCK_ADDR=3
INSERT INTO BLOCKS VALUES(3,1,0)
INSERT INTO BLOCKS VALUES(4,2147483643,0)
DELETE FROM BLOCKS WHERE BLOCK_ADDR=3
INSERT INTO LOBS VALUES(3,1,0,4)
COMMIT
/*C5*/SET SCHEMA PUBLIC
DELETE FROM PAGES WHERE ID=0
INSERT INTO PAGES VALUES(0,'My first page',4)
SET SCHEMA SYSTEM_LOBS
DELETE FROM LOB_IDS WHERE LOB_ID=3
INSERT INTO LOB_IDS VALUES(3,199,0,40)
DELETE FROM LOB_IDS WHERE LOB_ID=4
INSERT INTO LOB_IDS VALUES(4,207,1,40)
COMMIT
/*C1*/INSERT INTO LOB_IDS VALUES(5,47,0,40)
ALTER SEQUENCE SYSTEM_LOBS.LOB_ID RESTART WITH 6
COMMIT
DELETE FROM BLOCKS WHERE BLOCK_ADDR=4
INSERT INTO BLOCKS VALUES(4,1,0)
INSERT INTO BLOCKS VALUES(5,2147483642,0)
DELETE FROM BLOCKS WHERE BLOCK_ADDR=4
INSERT INTO LOBS VALUES(4,1,0,5)
COMMIT
/*C5*/SET SCHEMA PUBLIC
INSERT INTO PAGES VALUES(1,'My second page',5)
SET SCHEMA SYSTEM_LOBS
DELETE FROM LOB_IDS WHERE LOB_ID=5
INSERT INTO LOB_IDS VALUES(5,47,1,40)
COMMIT
/*C1*/INSERT INTO LOB_IDS VALUES(6,136,0,40)
ALTER SEQUENCE SYSTEM_LOBS.LOB_ID RESTART WITH 7
COMMIT
DELETE FROM BLOCKS WHERE BLOCK_ADDR=5
INSERT INTO BLOCKS VALUES(5,1,0)
INSERT INTO BLOCKS VALUES(6,2147483641,0)
DELETE FROM BLOCKS WHERE BLOCK_ADDR=5
INSERT INTO LOBS VALUES(5,1,0,6)
COMMIT
/*C5*/SET SCHEMA PUBLIC
DELETE FROM PAGES WHERE ID=1
INSERT INTO PAGES VALUES(1,'My second page',6)
SET SCHEMA SYSTEM_LOBS
DELETE FROM LOB_IDS WHERE LOB_ID=5
INSERT INTO LOB_IDS VALUES(5,47,0,40)
DELETE FROM LOB_IDS WHERE LOB_ID=6
INSERT INTO LOB_IDS VALUES(6,136,1,40)
COMMIT
/*C6*/SET SCHEMA PUBLIC
DISCONNECT
/*C7*/SET SCHEMA PUBLIC
DISCONNECT
/*C5*/SET SCHEMA PUBLIC
DISCONNECT
